{"/Users/10022072/Documents/StackBlitz/webpack-react-ts-demo/src/App.tsx": {"path":"/Users/10022072/Documents/StackBlitz/webpack-react-ts-demo/src/App.tsx","statementMap":{"0":{"start":{"line":5,"column":2},"end":{"line":16,"column":4}}},"fnMap":{"0":{"name":"App","decl":{"start":{"line":4,"column":24},"end":{"line":4,"column":27}},"loc":{"start":{"line":4,"column":30},"end":{"line":17,"column":1}},"line":4}},"branchMap":{},"s":{"0":1},"f":{"0":1},"b":{},"_coverageSchema":"1a1c01bbd47fc00a2c39e90264f33305004495a9","hash":"96df3aab32e9cac87d1e27e42f4e3ad5c1e5926d"}
,"/Users/10022072/Documents/StackBlitz/webpack-react-ts-demo/src/demo.js": {"path":"/Users/10022072/Documents/StackBlitz/webpack-react-ts-demo/src/demo.js","statementMap":{"0":{"start":{"line":1,"column":0},"end":{"line":3,"column":1}},"1":{"start":{"line":2,"column":2},"end":{"line":2,"column":22}}},"fnMap":{"0":{"name":"(anonymous_0)","decl":{"start":{"line":1,"column":17},"end":{"line":1,"column":18}},"loc":{"start":{"line":1,"column":23},"end":{"line":3,"column":1}},"line":1}},"branchMap":{},"s":{"0":1,"1":1},"f":{"0":1},"b":{},"_coverageSchema":"1a1c01bbd47fc00a2c39e90264f33305004495a9","hash":"6c305aabbf6413f6990a708b46eb0d40e3be323e"}
}
